<?xml version="1.0" encoding="utf-8"?><testsuites name="pytest tests"><testsuite name="pytest" errors="0" failures="0" skipped="0" tests="5" time="1.831" timestamp="2026-09-23T21:03:40.221421+00:00" hostname="agent-env-1d1aa10d-4c56-4211-9b97-f8b9ec6f959d"><testcase classname="tests.test_contact_api" name="test_root" time="0.259" /><testcase classname="tests.test_contact_api" name="test_create_and_list_contact" time="0.308" /><testcase classname="tests.test_contact_api" name="test_invalid_email_rejected" time="0.198" /><testcase classname="tests.test_contact_api" name="test_missing_required_fields" time="0.399" /><testcase classname="tests.test_contact_api" name="test_optional_company" time="0.195" /></testsuite></testsuites>